#
# There is insufficient memory for the Java Runtime Environment to continue.
# Native memory allocation (malloc) failed to allocate 37024 bytes for Chunk::new
# Possible reasons:
#   The system is out of physical RAM or swap space
#   The process is running with CompressedOops enabled, and the Java Heap may be blocking the growth of the native heap
# Possible solutions:
#   Reduce memory load on the system
#   Increase physical memory or swap space
#   Check if swap backing store is full
#   Decrease Java heap size (-Xmx/-Xms)
#   Decrease number of Java threads
#   Decrease Java thread stack sizes (-Xss)
#   Set larger code cache with -XX:ReservedCodeCacheSize=
#   JVM is running with Zero Based Compressed Oops mode in which the Java heap is
#     placed in the first 32GB address space. The Java Heap base address is the
#     maximum limit for the native heap growth. Please use -XX:HeapBaseMinAddress
#     to set the Java Heap base and to place the Java Heap above 32GB virtual address.
# This output file may be truncated or incomplete.
#
#  Out of Memory Error (allocation.cpp:389), pid=93180, tid=0x000000000001ec48
#
# JRE version: Java(TM) SE Runtime Environment (8.0_291-b10) (build 1.8.0_291-b10)
# Java VM: Java HotSpot(TM) 64-Bit Server VM (25.291-b10 mixed mode windows-amd64 compressed oops)
# Failed to write core dump. Minidumps are not enabled by default on client versions of Windows
#

---------------  T H R E A D  ---------------

Current thread (0x0000020c58d09800):  JavaThread "main" [_thread_in_native, id=126024, stack(0x000000ae78c00000,0x000000ae78d00000)]

Stack: [0x000000ae78c00000,0x000000ae78d00000]
Native frames: (J=compiled Java code, j=interpreted, Vv=VM code, C=native code)
V  [jvm.dll+0x32ea19]

Java frames: (J=compiled Java code, j=interpreted, Vv=VM code)
j  java.time.Duration.<clinit>()V+24
v  ~StubRoutines::call_stub
j  java.time.temporal.ChronoUnit.<clinit>()V+10
v  ~StubRoutines::call_stub
j  java.time.temporal.ChronoField.<clinit>()V+9
v  ~StubRoutines::call_stub
j  java.time.format.DateTimeFormatterBuilder.<clinit>()V+26
v  ~StubRoutines::call_stub
j  java.time.format.DateTimeFormatter.<clinit>()V+0
v  ~StubRoutines::call_stub
j  org.springframework.format.datetime.standard.DateTimeFormatterRegistrar.getFallbackFormatter(Lorg/springframework/format/datetime/standard/DateTimeFormatterRegistrar$Type;)Ljava/time/format/DateTimeFormatter;+39
j  org.springframework.format.datetime.standard.DateTimeFormatterRegistrar.getFormatter(Lorg/springframework/format/datetime/standard/DateTimeFormatterRegistrar$Type;)Ljava/time/format/DateTimeFormatter;+22
j  org.springframework.format.datetime.standard.DateTimeFormatterRegistrar.registerFormatters(Lorg/springframework/format/FormatterRegistry;)V+8
j  org.springframework.format.support.DefaultFormattingConversionService.addDefaultFormatters(Lorg/springframework/format/FormatterRegistry;)V+66
j  org.springframework.boot.convert.ApplicationConversionService.configure(Lorg/springframework/format/FormatterRegistry;)V+5
j  org.springframework.boot.convert.ApplicationConversionService.<init>(Lorg/springframework/util/StringValueResolver;Z)V+14
j  org.springframework.boot.convert.ApplicationConversionService.<init>(Lorg/springframework/util/StringValueResolver;)V+3
j  org.springframework.boot.convert.ApplicationConversionService.<init>()V+2
j  org.springframework.boot.SpringApplication.configureEnvironment(Lorg/springframework/core/env/ConfigurableEnvironment;[Ljava/lang/String;)V+12
j  org.springframework.boot.SpringApplication.prepareEnvironment(Lorg/springframework/boot/SpringApplicationRunListeners;Lorg/springframework/boot/DefaultBootstrapContext;Lorg/springframework/boot/ApplicationArguments;)Lorg/springframework/core/env/ConfigurableEnvironment;+15
j  org.springframework.boot.SpringApplication.run([Ljava/lang/String;)Lorg/springframework/context/ConfigurableApplicationContext;+52
j  org.springframework.boot.SpringApplication.run([Ljava/lang/Class;[Ljava/lang/String;)Lorg/springframework/context/ConfigurableApplicationContext;+9
j  org.springframework.boot.SpringApplication.run(Ljava/lang/Class;[Ljava/lang/String;)Lorg/springframework/context/ConfigurableApplicationContext;+9
j  com.aurora.mallgateway.MallGatewayApplication.main([Ljava/lang/String;)V+3
v  ~StubRoutines::call_stub

---------------  P R O C E S S  ---------------

Java Threads: ( => current thread )
  0x0000020c771a1800 JavaThread "RMI TCP Accept-0" daemon [_thread_in_native, id=143640, stack(0x000000ae7ad00000,0x000000ae7ae00000)]
  0x0000020c76f17000 JavaThread "Service Thread" daemon [_thread_blocked, id=125224, stack(0x000000ae7ac00000,0x000000ae7ad00000)]
  0x0000020c76e29000 JavaThread "C1 CompilerThread11" daemon [_thread_blocked, id=131700, stack(0x000000ae7ab00000,0x000000ae7ac00000)]
  0x0000020c76e2d800 JavaThread "C1 CompilerThread10" daemon [_thread_blocked, id=89184, stack(0x000000ae7aa00000,0x000000ae7ab00000)]
  0x0000020c76e28800 JavaThread "C1 CompilerThread9" daemon [_thread_blocked, id=109552, stack(0x000000ae7a900000,0x000000ae7aa00000)]
  0x0000020c76e2d000 JavaThread "C1 CompilerThread8" daemon [_thread_blocked, id=133076, stack(0x000000ae7a800000,0x000000ae7a900000)]
  0x0000020c76e2c000 JavaThread "C2 CompilerThread7" daemon [_thread_blocked, id=144000, stack(0x000000ae7a700000,0x000000ae7a800000)]
  0x0000020c76e2f000 JavaThread "C2 CompilerThread6" daemon [_thread_blocked, id=96224, stack(0x000000ae7a600000,0x000000ae7a700000)]
  0x0000020c76e2b800 JavaThread "C2 CompilerThread5" daemon [_thread_blocked, id=163716, stack(0x000000ae7a500000,0x000000ae7a600000)]
  0x0000020c76e2a800 JavaThread "C2 CompilerThread4" daemon [_thread_blocked, id=196704, stack(0x000000ae7a400000,0x000000ae7a500000)]
  0x0000020c76e17800 JavaThread "C2 CompilerThread3" daemon [_thread_blocked, id=163800, stack(0x000000ae7a300000,0x000000ae7a400000)]
  0x0000020c76e10800 JavaThread "C2 CompilerThread2" daemon [_thread_blocked, id=14976, stack(0x000000ae7a200000,0x000000ae7a300000)]
  0x0000020c76de0000 JavaThread "C2 CompilerThread1" daemon [_thread_blocked, id=161920, stack(0x000000ae7a100000,0x000000ae7a200000)]
  0x0000020c76ddb800 JavaThread "C2 CompilerThread0" daemon [_thread_blocked, id=89720, stack(0x000000ae7a000000,0x000000ae7a100000)]
  0x0000020c76d57000 JavaThread "Monitor Ctrl-Break" daemon [_thread_in_native, id=112652, stack(0x000000ae79f00000,0x000000ae7a000000)]
  0x0000020c75965800 JavaThread "Attach Listener" daemon [_thread_blocked, id=68908, stack(0x000000ae79e00000,0x000000ae79f00000)]
  0x0000020c75965000 JavaThread "Signal Dispatcher" daemon [_thread_blocked, id=17116, stack(0x000000ae79d00000,0x000000ae79e00000)]
  0x0000020c73bee800 JavaThread "Finalizer" daemon [_thread_blocked, id=83524, stack(0x000000ae79c00000,0x000000ae79d00000)]
  0x0000020c75902000 JavaThread "Reference Handler" daemon [_thread_blocked, id=8756, stack(0x000000ae79b00000,0x000000ae79c00000)]
=>0x0000020c58d09800 JavaThread "main" [_thread_in_native, id=126024, stack(0x000000ae78c00000,0x000000ae78d00000)]

Other Threads:
  0x0000020c58d99800 VMThread [stack: 0x000000ae79a00000,0x000000ae79b00000] [id=90356]
  0x0000020c771b7000 WatcherThread [stack: 0x000000ae7ae00000,0x000000ae7af00000] [id=165036]

VM state:not at safepoint (normal execution)

VM Mutex/Monitor currently owned by a thread: None

heap address: 0x00000006c1600000, size: 4074 MB, Compressed Oops mode: Zero based, Oop shift amount: 3
Narrow klass base: 0x0000000000000000, Narrow klass shift: 3
Compressed class space size: 1073741824 Address: 0x00000007c0000000

Heap:
 PSYoungGen      total 76288K, used 57017K [0x000000076b200000, 0x0000000770700000, 0x00000007c0000000)
  eden space 65536K, 87% used [0x000000076b200000,0x000000076e9ae5b0,0x000000076f200000)
  from space 10752K, 0% used [0x000000076fc80000,0x000000076fc80000,0x0000000770700000)
  to   space 10752K, 0% used [0x000000076f200000,0x000000076f200000,0x000000076fc80000)
 ParOldGen       total 175104K, used 0K [0x00000006c1600000, 0x00000006cc100000, 0x000000076b200000)
  object space 175104K, 0% used [0x00000006c1600000,0x00000006c1600000,0x00000006cc100000)
 Metaspace       used 11110K, capacity 11330K, committed 11520K, reserved 1058816K
  class space    used 1362K, capacity 1433K, committed 1536K, reserved 1048576K

Card table byte_map: [0x0000020c69b60000,0x0000020c6a360000] byte_map_base: 0x0000020c66555000

Marking Bits: (ParMarkBitMap*) 0x0000000064927fe0
 Begin Bits: [0x0000020c6a8b0000, 0x0000020c6e858000)
 End Bits:   [0x0000020c6e858000, 0x0000020c72800000)

Polling page: 0x0000020c58c80000

CodeCache: size=245760Kb used=4287Kb max_used=4287Kb free=241472Kb
 bounds [0x0000020c5a7a0000, 0x0000020c5abd0000, 0x0000020c697a0000]
 total_blobs=1318 nmethods=951 adapters=276
 compilation: disabled (not enough contiguous free space left)

Compilation events (10 events):
Event: 1.139 Thread 0x0000020c76e28800  948       1       sun.reflect.generics.tree.SimpleClassTypeSignature::<init> (20 bytes)
Event: 1.139 Thread 0x0000020c76e29000  949       1       sun.reflect.generics.parser.SignatureParser::parseClassTypeSignature (118 bytes)
Event: 1.139 Thread 0x0000020c76e2d800 nmethod 947 0x0000020c5abcd950 code [0x0000020c5abcdaa0, 0x0000020c5abcdc18]
Event: 1.139 Thread 0x0000020c76e28800 nmethod 948 0x0000020c5abcdc90 code [0x0000020c5abcdde0, 0x0000020c5abcdf38]
Event: 1.139 Thread 0x0000020c76e2d800  951       1       sun.reflect.generics.parser.SignatureParser::parseClassTypeSignatureSuffix (29 bytes)
Event: 1.139 Thread 0x0000020c76e28800  952       1       sun.reflect.generics.tree.ClassTypeSignature::make (9 bytes)
Event: 1.139 Thread 0x0000020c76e28800 nmethod 952 0x0000020c5abcdf90 code [0x0000020c5abce0e0, 0x0000020c5abce238]
Event: 1.139 Thread 0x0000020c76e2d800 nmethod 951 0x0000020c5abce2d0 code [0x0000020c5abce460, 0x0000020c5abce620]
Event: 1.140 Thread 0x0000020c76e2d000 nmethod 950 0x0000020c5abce710 code [0x0000020c5abce980, 0x0000020c5abcf3b0]
Event: 1.140 Thread 0x0000020c76e29000 


GC Heap History (0 events):
No events

Deoptimization events (0 events):
No events

Classes redefined (0 events):
No events

Internal exceptions (10 events):
Event: 1.140 Thread 0x0000020c58d09800 Exception <a 'java/lang/ArrayIndexOutOfBoundsException'> (0x000000076e840300) thrown at [C:\jenkins\workspace\8-2-build-windows-amd64-cygwin\jdk8u291\1294\hotspot\src\share\vm\runtime\sharedRuntime.cpp, line 609]
Event: 1.140 Thread 0x0000020c58d09800 Exception <a 'java/lang/ArrayIndexOutOfBoundsException'> (0x000000076e8586b8) thrown at [C:\jenkins\workspace\8-2-build-windows-amd64-cygwin\jdk8u291\1294\hotspot\src\share\vm\runtime\sharedRuntime.cpp, line 609]
Event: 1.141 Thread 0x0000020c58d09800 Exception <a 'java/lang/ArrayIndexOutOfBoundsException'> (0x000000076e870a50) thrown at [C:\jenkins\workspace\8-2-build-windows-amd64-cygwin\jdk8u291\1294\hotspot\src\share\vm\runtime\sharedRuntime.cpp, line 609]
Event: 1.141 Thread 0x0000020c58d09800 Exception <a 'java/lang/ArrayIndexOutOfBoundsException'> (0x000000076e888fa8) thrown at [C:\jenkins\workspace\8-2-build-windows-amd64-cygwin\jdk8u291\1294\hotspot\src\share\vm\runtime\sharedRuntime.cpp, line 609]
Event: 1.141 Thread 0x0000020c58d09800 Exception <a 'java/lang/ArrayIndexOutOfBoundsException'> (0x000000076e8a0908) thrown at [C:\jenkins\workspace\8-2-build-windows-amd64-cygwin\jdk8u291\1294\hotspot\src\share\vm\runtime\sharedRuntime.cpp, line 609]
Event: 1.142 Thread 0x0000020c58d09800 Exception <a 'java/lang/ArrayIndexOutOfBoundsException'> (0x000000076e8b8258) thrown at [C:\jenkins\workspace\8-2-build-windows-amd64-cygwin\jdk8u291\1294\hotspot\src\share\vm\runtime\sharedRuntime.cpp, line 609]
Event: 1.142 Thread 0x0000020c58d09800 Exception <a 'java/lang/ArrayIndexOutOfBoundsException'> (0x000000076e8d0710) thrown at [C:\jenkins\workspace\8-2-build-windows-amd64-cygwin\jdk8u291\1294\hotspot\src\share\vm\runtime\sharedRuntime.cpp, line 609]
Event: 1.142 Thread 0x0000020c58d09800 Exception <a 'java/lang/ArrayIndexOutOfBoundsException'> (0x000000076e8e75e0) thrown at [C:\jenkins\workspace\8-2-build-windows-amd64-cygwin\jdk8u291\1294\hotspot\src\share\vm\runtime\sharedRuntime.cpp, line 609]
Event: 1.143 Thread 0x0000020c58d09800 Exception <a 'java/lang/ArrayIndexOutOfBoundsException'> (0x000000076e8fdc40) thrown at [C:\jenkins\workspace\8-2-build-windows-amd64-cygwin\jdk8u291\1294\hotspot\src\share\vm\runtime\sharedRuntime.cpp, line 609]
Event: 1.143 Thread 0x0000020c58d09800 Exception <a 'java/lang/ArrayIndexOutOfBoundsException'> (0x000000076e914280) thrown at [C:\jenkins\workspace\8-2-build-windows-amd64-cygwin\jdk8u291\1294\hotspot\src\share\vm\runtime\sharedRuntime.cpp, line 609]

Events (10 events):
Event: 1.145 loading class java/time/temporal/ChronoField done
Event: 1.145 loading class java/time/temporal/ChronoUnit
Event: 1.145 loading class java/time/temporal/TemporalUnit
Event: 1.145 loading class java/time/temporal/TemporalUnit done
Event: 1.145 loading class java/time/temporal/ChronoUnit done
Event: 1.145 loading class java/time/Duration
Event: 1.145 loading class java/time/temporal/TemporalAmount
Event: 1.145 loading class java/time/temporal/TemporalAmount done
Event: 1.145 loading class java/time/Duration done
Event: 1.145 loading class java/util/regex/Pattern


Dynamic libraries:
0x00007ff713e40000 - 0x00007ff713e87000 	E:\JAVA\JDK\bin\java.exe
0x00007fff42870000 - 0x00007fff42a68000 	C:\Windows\SYSTEM32\ntdll.dll
0x00007fff40b60000 - 0x00007fff40c1f000 	C:\Windows\System32\KERNEL32.DLL
0x00007fff40270000 - 0x00007fff40542000 	C:\Windows\System32\KERNELBASE.dll
0x00007fff41fe0000 - 0x00007fff4208e000 	C:\Windows\System32\ADVAPI32.dll
0x00007fff40930000 - 0x00007fff409ce000 	C:\Windows\System32\msvcrt.dll
0x00007fff40c20000 - 0x00007fff40cbc000 	C:\Windows\System32\sechost.dll
0x00007fff40cc0000 - 0x00007fff40de5000 	C:\Windows\System32\RPCRT4.dll
0x00007fff423c0000 - 0x00007fff4255d000 	C:\Windows\System32\USER32.dll
0x00007fff40800000 - 0x00007fff40822000 	C:\Windows\System32\win32u.dll
0x00007fff41a80000 - 0x00007fff41aab000 	C:\Windows\System32\GDI32.dll
0x00007fff406f0000 - 0x00007fff407ff000 	C:\Windows\System32\gdi32full.dll
0x00007fff401d0000 - 0x00007fff4026d000 	C:\Windows\System32\msvcp_win.dll
0x00007fff3ff70000 - 0x00007fff40070000 	C:\Windows\System32\ucrtbase.dll
0x00007fff30cd0000 - 0x00007fff30f6a000 	C:\Windows\WinSxS\amd64_microsoft.windows.common-controls_6595b64144ccf1df_6.0.19041.1110_none_60b5254171f9507e\COMCTL32.dll
0x00007fff42380000 - 0x00007fff423b2000 	C:\Windows\System32\IMM32.DLL
0x00007fff36eb0000 - 0x00007fff36ec5000 	E:\JAVA\JDK\jre\bin\vcruntime140.dll
0x00007fff26110000 - 0x00007fff261ab000 	E:\JAVA\JDK\jre\bin\msvcp140.dll
0x0000000064140000 - 0x00000000649a0000 	E:\JAVA\JDK\jre\bin\server\jvm.dll
0x00007fff426e0000 - 0x00007fff426e8000 	C:\Windows\System32\PSAPI.DLL
0x00007fff2f3c0000 - 0x00007fff2f3c9000 	C:\Windows\SYSTEM32\WSOCK32.dll
0x00007fff30f70000 - 0x00007fff30f97000 	C:\Windows\SYSTEM32\WINMM.dll
0x00007fff37820000 - 0x00007fff3782a000 	C:\Windows\SYSTEM32\VERSION.dll
0x00007fff42670000 - 0x00007fff426db000 	C:\Windows\System32\WS2_32.dll
0x00007fff3e780000 - 0x00007fff3e792000 	C:\Windows\SYSTEM32\kernel.appcore.dll
0x00007fff38290000 - 0x00007fff382a0000 	E:\JAVA\JDK\jre\bin\verify.dll
0x00007fff2c620000 - 0x00007fff2c64b000 	E:\JAVA\JDK\jre\bin\java.dll
0x00007fff382e0000 - 0x00007fff38310000 	E:\JAVA\JDK\jre\bin\instrument.dll
0x00007fff353f0000 - 0x00007fff35408000 	E:\JAVA\JDK\jre\bin\zip.dll
0x00007fff40df0000 - 0x00007fff41533000 	C:\Windows\System32\SHELL32.dll
0x00007fff3ded0000 - 0x00007fff3e662000 	C:\Windows\SYSTEM32\windows.storage.dll
0x00007fff41540000 - 0x00007fff41894000 	C:\Windows\System32\combase.dll
0x00007fff3f8f0000 - 0x00007fff3f920000 	C:\Windows\SYSTEM32\Wldp.dll
0x00007fff40ab0000 - 0x00007fff40b5d000 	C:\Windows\System32\SHCORE.dll
0x00007fff41ab0000 - 0x00007fff41b05000 	C:\Windows\System32\shlwapi.dll
0x00007fff3feb0000 - 0x00007fff3fecf000 	C:\Windows\SYSTEM32\profapi.dll
0x00007fff398b0000 - 0x00007fff398ca000 	F:\IntelliJ IDEA\IntelliJ IDEA 2021.3.3\bin\breakgen64.dll
0x00007fff2fc30000 - 0x00007fff2fc4c000 	E:\JAVA\JDK\jre\bin\net.dll
0x00007fff3f6d0000 - 0x00007fff3f73a000 	C:\Windows\system32\mswsock.dll
0x00007fff3f3d0000 - 0x00007fff3f49a000 	C:\Windows\SYSTEM32\DNSAPI.dll
0x00007fff3f390000 - 0x00007fff3f3cb000 	C:\Windows\SYSTEM32\IPHLPAPI.DLL
0x00007fff40920000 - 0x00007fff40928000 	C:\Windows\System32\NSI.dll
0x0000000065d00000 - 0x0000000065d26000 	C:\Program Files\Bonjour\mdnsNSP.dll
0x00007fff39900000 - 0x00007fff3990a000 	C:\Windows\System32\rasadhlp.dll
0x00007fff37be0000 - 0x00007fff37c60000 	C:\Windows\System32\fwpuclnt.dll
0x00007fff40600000 - 0x00007fff40627000 	C:\Windows\System32\bcrypt.dll
0x00007fff397c0000 - 0x00007fff397cd000 	E:\JAVA\JDK\jre\bin\management.dll
0x00007fff2f880000 - 0x00007fff2f893000 	E:\JAVA\JDK\jre\bin\nio.dll
0x00007fff3f930000 - 0x00007fff3f948000 	C:\Windows\SYSTEM32\CRYPTSP.dll
0x00007fff3efa0000 - 0x00007fff3efd4000 	C:\Windows\system32\rsaenh.dll
0x00007fff3fe30000 - 0x00007fff3fe5e000 	C:\Windows\SYSTEM32\USERENV.dll
0x00007fff40830000 - 0x00007fff408b2000 	C:\Windows\System32\bcryptprimitives.dll
0x00007fff3f860000 - 0x00007fff3f86c000 	C:\Windows\SYSTEM32\CRYPTBASE.dll
0x00007fff393e0000 - 0x00007fff393f7000 	C:\Windows\SYSTEM32\dhcpcsvc6.DLL
0x00007fff393c0000 - 0x00007fff393dd000 	C:\Windows\SYSTEM32\dhcpcsvc.DLL
0x00007fff2dd20000 - 0x00007fff2dd37000 	C:\Windows\system32\napinsp.dll
0x00007fff2d220000 - 0x00007fff2d23b000 	C:\Windows\system32\pnrpnsp.dll
0x00007fff3c580000 - 0x00007fff3c595000 	C:\Windows\system32\wshbth.dll
0x00007fff39500000 - 0x00007fff3951d000 	C:\Windows\system32\NLAapi.dll
0x00007fff2ce90000 - 0x00007fff2cea2000 	C:\Windows\System32\winrnr.dll

VM Arguments:
jvm_args: -XX:TieredStopAtLevel=1 -Xverify:none -Dspring.output.ansi.enabled=always -Dcom.sun.management.jmxremote -Dspring.jmx.enabled=true -Dspring.liveBeansView.mbeanDomain -Dspring.application.admin.enabled=true -javaagent:F:\IntelliJ IDEA\IntelliJ IDEA 2021.3.3\lib\idea_rt.jar=64955:F:\IntelliJ IDEA\IntelliJ IDEA 2021.3.3\bin -Dfile.encoding=UTF-8 
java_command: com.aurora.mallgateway.MallGatewayApplication
java_class_path (initial): E:\JAVA\JDK\jre\lib\charsets.jar;E:\JAVA\JDK\jre\lib\deploy.jar;E:\JAVA\JDK\jre\lib\ext\access-bridge-64.jar;E:\JAVA\JDK\jre\lib\ext\cldrdata.jar;E:\JAVA\JDK\jre\lib\ext\dnsns.jar;E:\JAVA\JDK\jre\lib\ext\jaccess.jar;E:\JAVA\JDK\jre\lib\ext\jfxrt.jar;E:\JAVA\JDK\jre\lib\ext\localedata.jar;E:\JAVA\JDK\jre\lib\ext\nashorn.jar;E:\JAVA\JDK\jre\lib\ext\sunec.jar;E:\JAVA\JDK\jre\lib\ext\sunjce_provider.jar;E:\JAVA\JDK\jre\lib\ext\sunmscapi.jar;E:\JAVA\JDK\jre\lib\ext\sunpkcs11.jar;E:\JAVA\JDK\jre\lib\ext\zipfs.jar;E:\JAVA\JDK\jre\lib\javaws.jar;E:\JAVA\JDK\jre\lib\jce.jar;E:\JAVA\JDK\jre\lib\jfr.jar;E:\JAVA\JDK\jre\lib\jfxswt.jar;E:\JAVA\JDK\jre\lib\jsse.jar;E:\JAVA\JDK\jre\lib\management-agent.jar;E:\JAVA\JDK\jre\lib\plugin.jar;E:\JAVA\JDK\jre\lib\resources.jar;E:\JAVA\JDK\jre\lib\rt.jar;E:\JAVA\JDK\jre\lib\servlet-api.jar;F:\Aurora\Mall\mall-gateway\target\classes;C:\Users\LX\.m2\repository\org\springframework\cloud\spring-cloud-starter-openfeign\3.1.3\spring-cloud-starter-openfeign-3.1.3.jar;C:\Users\LX\.m2\repository\org\springframework\cloud\spring-cloud-starter\3.1.3\spring-cloud-starter-3.1.3.jar;C:\Users\LX\.m2\repository\org\springframework\security\spring-security-rsa\1.0.10.RELEASE\spring-security-rsa-1.0.10.RELEASE.jar;C:\Users\LX\.m2\repository\org\bouncycastle\bcpkix-jdk15on\1.68\bcpkix-jdk15on-1.68.jar;C:\Users\LX\.m2\repository\org\bouncycastle\bcprov-jdk15on\1.68\bcprov-jdk15on-1.68.jar;C:\Users\LX\.m2\repository\org\springframework\cloud\spring-cloud-openfeign-core\3.1.3\spring-cloud-openfeign-core-3.1.3.jar;C:\Users\LX\.m2\repository\org\springframework\boot\spring-boot-autoconfigure\2.7.0\spring-boot-autoconfigure-2.7.0.jar;C:\Users\LX\.m2\repository\io\github\openfeign\form\feign-form-spring\3.8.0\feign-form-spring-3.8.0.jar;C:\Users\LX\.m2\repository\io\github\openfeign\form\feign-form\3.8.0\feign-form-3.8.0.jar;C:\Users\LX\.m2\repository\commons-fileupload\commons-fileupload\1.4\commons-fileupload-1.4.jar;C:\Users\LX\.m2\
Launcher Type: SUN_STANDARD

Environment Variables:
JAVA_HOME=E:\JAVA\JDK
CLASSPATH=F:\TomCat\apache-tomcat-8.5.77-windows-x64\apache-tomcat-8.5.77\lib\servlet-api.jar
PATH=F:\SecureCRT\;F:\VMWare\bin\;C:\Windows\system32;C:\Windows;C:\Windows\System32\Wbem;C:\Windows\System32\WindowsPowerShell\v1.0\;C:\Windows\System32\OpenSSH\;C:\Program Files (x86)\NVIDIA Corporation\PhysX\Common;C:\Program Files\NVIDIA Corporation\NVIDIA NvDLISR;C:\Program Files\Git\cmd;E:\GCC\x86_64-8.1.0-release-posix-sjlj-rt_v6-rev0\mingw64\bin;F:\TomCat\apache-tomcat-8.5.77-windows-x64\apache-tomcat-8.5.77\lib\servlet-api.jar;E:\JAVA\JDK\bin;F:\NodeJS\;F:\JavaExpand\Maven\apache-maven-3.6.1-bin\apache-maven-3.6.1\bin;F:\FTP\;F:\Erlang\erl10.2\bin;C:\Program Files\MySQL\MySQL Shell 8.0\bin\;C:\Users\LX\AppData\Local\Programs\Python\Python310\Scripts\;C:\Users\LX\AppData\Local\Programs\Python\Python310\;C:\Users\LX\AppData\Local\Microsoft\WindowsApps;;C:\Users\LX\AppData\Local\Programs\Microsoft VS Code\bin;C:\Users\LX\AppData\Roaming\npm;F:\IntelliJ IDEA 2021.3.2\新建文件夹\IntelliJ IDEA Community Edition 2022.2.3\bin;;F:\IntelliJ IDEA\IntelliJ IDEA 2021.3.3\bin;
USERNAME=Charon
OS=Windows_NT
PROCESSOR_IDENTIFIER=Intel64 Family 6 Model 165 Stepping 2, GenuineIntel



---------------  S Y S T E M  ---------------

OS: Windows 10.0 , 64 bit Build 19041 (10.0.19041.2251)

CPU:total 16 (initial active 16) (8 cores per cpu, 2 threads per core) family 6 model 165 stepping 2, cmov, cx8, fxsr, mmx, sse, sse2, sse3, ssse3, sse4.1, sse4.2, popcnt, avx, avx2, aes, clmul, erms, 3dnowpref, lzcnt, ht, tsc, tscinvbit, bmi1, bmi2, adx

Memory: 4k page, physical 16681776k(3034092k free), swap 33924524k(305828k free)

vm_info: Java HotSpot(TM) 64-Bit Server VM (25.291-b10) for windows-amd64 JRE (1.8.0_291-b10), built on Apr  9 2021 00:02:00 by "java_re" with MS VC++ 15.9 (VS2017)

time: Sat Dec  3 20:31:09 2022
timezone: 中国标准时间
elapsed time: 1.150003 seconds (0d 0h 0m 1s)

